<?xml version="1.0" encoding="UTF-8"?>
<!-- Generated by org.testng.reporters.JUnitReportReporter -->
<testsuite hostname="DESKTOP-P1434LQ" failures="0" tests="1" name="TestCases.PageClasses" time="3.755" errors="0" timestamp="2024-07-22T05:59:06 GMT-11:00" skipped="0">
  <testcase classname="TestCases.PageClasses" name="AddToCart" time="3.755"/>
  <system-out/>
</testsuite> <!-- TestCases.PageClasses -->
