<?xml version="1.0" encoding="UTF-8"?>
<!-- Generated by org.testng.reporters.JUnitReportReporter -->
<testsuite hostname="DESKTOP-P1434LQ" failures="0" tests="4" name="TestCases.TestClass" time="13.086" errors="0" timestamp="2024-08-19T07:14:29 GMT-11:00" skipped="0">
  <testcase classname="TestCases.TestClass" name="LockedUserTest" time="2.190"/>
  <system-out/>
  <testcase classname="TestCases.TestClass" name="LoginSuccessTest" time="2.704"/>
  <system-out/>
  <testcase classname="TestCases.TestClass" name="LoginFailureTest" time="4.894"/>
  <system-out/>
  <testcase classname="TestCases.TestClass" name="AddToCart" time="3.298"/>
  <system-out/>
</testsuite> <!-- TestCases.TestClass -->
